[LOG] 2025-02-16 14:30:14.525: Message: Cipher created - Result: 1
[LOG] 2025-02-16 14:30:16.926: Message: Cipher created - Result: WER
[LOG] 2025-02-16 14:30:23.577: Message: Text encrypted - Result: DE
[LOG] 2025-02-16 14:30:28.247: Message: Text decrypted - Result: ZI
[LOG] 2025-02-16 14:30:31.735: Message: Key changed - Result: DF
[LOG] 2025-02-16 14:30:44.269: Message: Key changed - Result: FD
[LOG] 2025-02-16 14:30:52.051: Message: Cipher changed - Result: Succese
[LOG] 2025-02-16 14:31:00.915: Message: Exit - Result: Succese
[LOG] 2025-02-17 00:16:48.799: Message: Cipher created - Result: 1
[LOG] 2025-02-17 00:16:57.108: Message: Cipher created - Result: pop
[LOG] 2025-02-17 00:18:53.123: Message: Cipher created - Result: 1
[LOG] 2025-02-17 00:19:21.382: Message: Cipher created - Result: pop
[LOG] 2025-02-17 00:21:31.654: Message: Cipher created - Result: 1
[LOG] 2025-02-17 00:21:33.439: Message: Cipher created - Result: зщз
[LOG] 2025-02-17 00:22:24.330: Message: Cipher created - Result: 1
[LOG] 2025-02-17 00:22:36.518: Message: Cipher created - Result: зщз
[LOG] 2025-02-17 00:23:31.955: Message: Cipher created - Result: 1
[LOG] 2025-02-17 00:23:35.654: Message: Cipher created - Result: зщз
[LOG] 2025-02-17 00:23:40.863: Message: Text encrypted - Result: зщз
[LOG] 2025-02-17 00:23:56.034: Message: Text decrypted - Result: НсН
[LOG] 2025-02-17 00:24:08.885: Message: Key changed - Result: шщз
[LOG] 2025-02-17 00:24:13.021: Message: Text encrypted - Result: шщз
[LOG] 2025-02-17 00:24:26.011: Message: Text decrypted - Result: псН
[LOG] 2025-02-17 00:24:31.383: Message: Cipher changed - Result: Succese
[LOG] 2025-02-17 00:33:06.118: Message: Cipher created - Result: 1
[LOG] 2025-02-17 00:33:07.991: Message: Cipher created - Result: pop
[LOG] 2025-02-17 00:33:29.790: Message: Text encrypted - Result: pop
[LOG] 2025-02-17 00:33:37.124: Message: Text decrypted - Result: dbd
[LOG] 2025-02-17 00:33:41.500: Message: Key changed - Result: ppp
[LOG] 2025-02-17 00:33:47.780: Message: Text encrypted - Result: dbd
[LOG] 2025-02-17 00:33:51.808: Message: Text encrypted - Result: pop
[LOG] 2025-02-17 00:33:55.882: Message: Text decrypted - Result: dcd
[LOG] 2025-02-17 00:33:58.494: Message: Cipher changed - Result: Succese
[LOG] 2025-02-17 00:34:01.448: Message: Exit - Result: Succese
[LOG] 2025-02-17 00:43:41.226: Message: Text encrypted - Result: pop
[LOG] 2025-02-17 00:43:48.266: Message: Text decrypted - Result: sRT
[LOG] 2025-02-17 00:43:53.254: Message: Key changed - Result: POP
[LOG] 2025-02-17 00:43:57.012: Message: Text encrypted - Result: POP
[LOG] 2025-02-17 00:44:01.187: Message: Text decrypted - Result: ece
[LOG] 2025-02-17 00:44:05.416: Message: Cipher changed - Result: Succese
